Writing PID to ./thin.4567.pid
Changing process privilege to root:root
Exiting!
/Users/takeshi/.rvm/gems/ruby-2.0.0-p451/gems/thin-1.6.2/lib/thin/daemonizing.rb:71:in `getgrnam': can't find group for root (ArgumentError)
	from /Users/takeshi/.rvm/gems/ruby-2.0.0-p451/gems/thin-1.6.2/lib/thin/daemonizing.rb:71:in `change_privilege'
	from /Users/takeshi/.rvm/gems/ruby-2.0.0-p451/gems/thin-1.6.2/lib/thin/controllers/controller.rb:67:in `start'
	from /Users/takeshi/.rvm/gems/ruby-2.0.0-p451/gems/thin-1.6.2/lib/thin/runner.rb:199:in `run_command'
	from /Users/takeshi/.rvm/gems/ruby-2.0.0-p451/gems/thin-1.6.2/lib/thin/runner.rb:155:in `run!'
	from /Users/takeshi/.rvm/gems/ruby-2.0.0-p451/gems/thin-1.6.2/bin/thin:6:in `<top (required)>'
	from /Users/takeshi/.rvm/gems/ruby-2.0.0-p451/bin/thin:23:in `load'
	from /Users/takeshi/.rvm/gems/ruby-2.0.0-p451/bin/thin:23:in `<main>'
	from /Users/takeshi/.rvm/gems/ruby-2.0.0-p451/bin/ruby_executable_hooks:15:in `eval'
	from /Users/takeshi/.rvm/gems/ruby-2.0.0-p451/bin/ruby_executable_hooks:15:in `<main>'
Writing PID to ./thin.4567.pid
Changing process privilege to takeshi:takeshi
Exiting!
/Users/takeshi/.rvm/gems/ruby-2.0.0-p451/gems/thin-1.6.2/lib/thin/daemonizing.rb:71:in `getgrnam': can't find group for takeshi (ArgumentError)
	from /Users/takeshi/.rvm/gems/ruby-2.0.0-p451/gems/thin-1.6.2/lib/thin/daemonizing.rb:71:in `change_privilege'
	from /Users/takeshi/.rvm/gems/ruby-2.0.0-p451/gems/thin-1.6.2/lib/thin/controllers/controller.rb:67:in `start'
	from /Users/takeshi/.rvm/gems/ruby-2.0.0-p451/gems/thin-1.6.2/lib/thin/runner.rb:199:in `run_command'
	from /Users/takeshi/.rvm/gems/ruby-2.0.0-p451/gems/thin-1.6.2/lib/thin/runner.rb:155:in `run!'
	from /Users/takeshi/.rvm/gems/ruby-2.0.0-p451/gems/thin-1.6.2/bin/thin:6:in `<top (required)>'
	from /Users/takeshi/.rvm/gems/ruby-2.0.0-p451/bin/thin:23:in `load'
	from /Users/takeshi/.rvm/gems/ruby-2.0.0-p451/bin/thin:23:in `<main>'
	from /Users/takeshi/.rvm/gems/ruby-2.0.0-p451/bin/ruby_executable_hooks:15:in `eval'
	from /Users/takeshi/.rvm/gems/ruby-2.0.0-p451/bin/ruby_executable_hooks:15:in `<main>'
Writing PID to ./thin.4567.pid
I, [2014-09-27T15:21:28.297263 #27460]  INFO -- : (0.000566s) PRAGMA foreign_keys = 1
I, [2014-09-27T15:21:28.297484 #27460]  INFO -- : (0.000026s) PRAGMA case_sensitive_like = 1
I, [2014-09-27T15:21:28.298124 #27460]  INFO -- : (0.000502s) PRAGMA table_info('themes')
I, [2014-09-27T15:21:28.300586 #27460]  INFO -- : (0.000160s) PRAGMA table_info('cards')
I, [2014-09-27T15:21:28.313278 #27460]  INFO -- : (0.000157s) PRAGMA table_info('groups')
I, [2014-09-27T15:21:28.315475 #27460]  INFO -- : (0.000166s) PRAGMA table_info('cardsortings')
I, [2014-09-27T15:21:28.318624 #27460]  INFO -- : (0.000266s) PRAGMA table_info('cardsorting_card_and_groups')
I, [2014-09-27T15:21:28.321754 #27460]  INFO -- : (0.000250s) PRAGMA table_info('unselected_cards')
Thin web server (v1.6.2 codename Doc Brown)
Maximum connections set to 1024
Listening on 127.0.0.1:4567, CTRL+C to stop
I, [2014-09-27T15:21:52.290888 #27460]  INFO -- : (0.000407s) SELECT sqlite_version()
I, [2014-09-27T15:21:52.292209 #27460]  INFO -- : (0.000272s) SELECT * FROM `cards` WHERE (`cards`.`theme_id` = 6)
I, [2014-09-27T15:21:52.293046 #27460]  INFO -- : (0.000161s) SELECT * FROM `cardsortings` WHERE (`cardsortings`.`theme_id` = 6)
I, [2014-09-27T15:21:52.293428 #27460]  INFO -- : (0.002263s) SELECT * FROM `themes`
I, [2014-09-27T15:21:55.369172 #27460]  INFO -- : (0.000272s) SELECT * FROM `cardsortings` WHERE ((`theme_id` = '6') AND (`id` = '41')) LIMIT 1
I, [2014-09-27T15:21:55.369744 #27460]  INFO -- : (0.000189s) SELECT * FROM `themes` WHERE `id` = 6
I, [2014-09-27T15:21:55.372180 #27460]  INFO -- : (0.001092s) SELECT * FROM `cardsorting_card_and_groups` WHERE (`cardsorting_card_and_groups`.`cardsorting_id` = 41)
I, [2014-09-27T15:21:55.373915 #27460]  INFO -- : (0.000349s) SELECT `cards`.* FROM `cards` INNER JOIN `unselected_cards` ON (`unselected_cards`.`card_id` = `cards`.`id`) WHERE (`unselected_cards`.`cardsorting_id` = 41)
I, [2014-09-27T15:21:57.245226 #27460]  INFO -- : (0.000226s) SELECT * FROM `cards` WHERE (`cards`.`theme_id` = 6)
I, [2014-09-27T15:21:57.245969 #27460]  INFO -- : (0.000189s) SELECT * FROM `cardsortings` WHERE (`cardsortings`.`theme_id` = 6)
I, [2014-09-27T15:21:57.246261 #27460]  INFO -- : (0.001662s) SELECT * FROM `themes`
I, [2014-09-27T15:22:04.640180 #27460]  INFO -- : (0.000250s) SELECT * FROM `cardsortings` WHERE ((`theme_id` = '6') AND (`id` = '41')) LIMIT 1
I, [2014-09-27T15:22:04.641027 #27460]  INFO -- : (0.000486s) SELECT * FROM `themes` WHERE `id` = 6
I, [2014-09-27T15:22:04.641795 #27460]  INFO -- : (0.000193s) SELECT * FROM `cardsorting_card_and_groups` WHERE (`cardsorting_card_and_groups`.`cardsorting_id` = 41)
I, [2014-09-27T15:22:04.642355 #27460]  INFO -- : (0.000260s) SELECT `cards`.* FROM `cards` INNER JOIN `unselected_cards` ON (`unselected_cards`.`card_id` = `cards`.`id`) WHERE (`unselected_cards`.`cardsorting_id` = 41)
I, [2014-09-27T15:22:06.067937 #27460]  INFO -- : (0.000170s) SELECT * FROM `cards` WHERE (`cards`.`theme_id` = 6)
I, [2014-09-27T15:22:06.069335 #27460]  INFO -- : (0.000199s) SELECT * FROM `cardsortings` WHERE (`cardsortings`.`theme_id` = 6)
I, [2014-09-27T15:22:06.069664 #27460]  INFO -- : (0.002192s) SELECT * FROM `themes`
Waiting for 4 connection(s) to finish, can take up to 30 sec, CTRL+C to stop now
Exiting!
Writing PID to ./thin.4567.pid
I, [2014-09-27T15:23:02.500270 #27474]  INFO -- : (0.000692s) PRAGMA foreign_keys = 1
I, [2014-09-27T15:23:02.500610 #27474]  INFO -- : (0.000049s) PRAGMA case_sensitive_like = 1
I, [2014-09-27T15:23:02.501665 #27474]  INFO -- : (0.000824s) PRAGMA table_info('themes')
I, [2014-09-27T15:23:02.504909 #27474]  INFO -- : (0.000161s) PRAGMA table_info('cards')
I, [2014-09-27T15:23:02.517790 #27474]  INFO -- : (0.000248s) PRAGMA table_info('groups')
I, [2014-09-27T15:23:02.520913 #27474]  INFO -- : (0.000162s) PRAGMA table_info('cardsortings')
I, [2014-09-27T15:23:02.523183 #27474]  INFO -- : (0.000192s) PRAGMA table_info('cardsorting_card_and_groups')
I, [2014-09-27T15:23:02.524758 #27474]  INFO -- : (0.000137s) PRAGMA table_info('unselected_cards')
Thin web server (v1.6.2 codename Doc Brown)
Maximum connections set to 1024
Listening on 127.0.0.1:4567, CTRL+C to stop
I, [2014-09-27T15:23:07.466346 #27474]  INFO -- : (0.000112s) SELECT sqlite_version()
I, [2014-09-27T15:23:07.467297 #27474]  INFO -- : (0.000159s) SELECT * FROM `cards` WHERE (`cards`.`theme_id` = 6)
I, [2014-09-27T15:23:07.469092 #27474]  INFO -- : (0.000524s) SELECT * FROM `cardsortings` WHERE (`cardsortings`.`theme_id` = 6)
I, [2014-09-27T15:23:07.469554 #27474]  INFO -- : (0.002944s) SELECT * FROM `themes`
I, [2014-09-27T15:23:12.128097 #27474]  INFO -- : (0.000179s) SELECT * FROM `cards` WHERE (`cards`.`theme_id` = 6)
I, [2014-09-27T15:23:12.128678 #27474]  INFO -- : (0.000174s) SELECT * FROM `cardsortings` WHERE (`cardsortings`.`theme_id` = 6)
I, [2014-09-27T15:23:12.128936 #27474]  INFO -- : (0.001387s) SELECT * FROM `themes`
Exiting!
Writing PID to ./thin.4567.pid
I, [2014-09-27T15:24:26.562982 #27488]  INFO -- : (0.000261s) PRAGMA foreign_keys = 1
I, [2014-09-27T15:24:26.563189 #27488]  INFO -- : (0.000025s) PRAGMA case_sensitive_like = 1
I, [2014-09-27T15:24:26.563812 #27488]  INFO -- : (0.000494s) PRAGMA table_info('themes')
I, [2014-09-27T15:24:26.566022 #27488]  INFO -- : (0.000168s) PRAGMA table_info('cards')
I, [2014-09-27T15:24:26.580511 #27488]  INFO -- : (0.000164s) PRAGMA table_info('groups')
I, [2014-09-27T15:24:26.582330 #27488]  INFO -- : (0.000162s) PRAGMA table_info('cardsortings')
I, [2014-09-27T15:24:26.585595 #27488]  INFO -- : (0.000236s) PRAGMA table_info('cardsorting_card_and_groups')
I, [2014-09-27T15:24:26.587876 #27488]  INFO -- : (0.000162s) PRAGMA table_info('unselected_cards')
Thin web server (v1.6.2 codename Doc Brown)
Maximum connections set to 1024
Listening on 0.0.0.0:4567, CTRL+C to stop
I, [2014-09-27T15:24:32.028948 #27488]  INFO -- : (0.000134s) SELECT sqlite_version()
I, [2014-09-27T15:24:32.030076 #27488]  INFO -- : (0.000192s) SELECT * FROM `cards` WHERE (`cards`.`theme_id` = 6)
I, [2014-09-27T15:24:32.031256 #27488]  INFO -- : (0.000240s) SELECT * FROM `cardsortings` WHERE (`cardsortings`.`theme_id` = 6)
I, [2014-09-27T15:24:32.031696 #27488]  INFO -- : (0.002485s) SELECT * FROM `themes`
I, [2014-09-27T15:24:36.307987 #27488]  INFO -- : (0.000155s) SELECT * FROM `cards` WHERE (`cards`.`theme_id` = 6)
I, [2014-09-27T15:24:36.308435 #27488]  INFO -- : (0.000114s) SELECT * FROM `cardsortings` WHERE (`cardsortings`.`theme_id` = 6)
I, [2014-09-27T15:24:36.308636 #27488]  INFO -- : (0.001154s) SELECT * FROM `themes`
I, [2014-09-27T15:24:39.219327 #27488]  INFO -- : (0.000102s) SELECT * FROM `cards` WHERE (`cards`.`theme_id` = 6)
I, [2014-09-27T15:24:39.219624 #27488]  INFO -- : (0.000076s) SELECT * FROM `cardsortings` WHERE (`cardsortings`.`theme_id` = 6)
I, [2014-09-27T15:24:39.219757 #27488]  INFO -- : (0.000740s) SELECT * FROM `themes`
I, [2014-09-27T15:24:40.977230 #27488]  INFO -- : (0.000253s) SELECT * FROM `cardsortings` WHERE ((`theme_id` = '6') AND (`id` = '41')) LIMIT 1
I, [2014-09-27T15:24:40.977955 #27488]  INFO -- : (0.000226s) SELECT * FROM `themes` WHERE `id` = 6
I, [2014-09-27T15:24:40.979170 #27488]  INFO -- : (0.000262s) SELECT * FROM `cardsorting_card_and_groups` WHERE (`cardsorting_card_and_groups`.`cardsorting_id` = 41)
I, [2014-09-27T15:24:40.980751 #27488]  INFO -- : (0.000370s) SELECT `cards`.* FROM `cards` INNER JOIN `unselected_cards` ON (`unselected_cards`.`card_id` = `cards`.`id`) WHERE (`unselected_cards`.`cardsorting_id` = 41)
I, [2014-09-27T15:24:50.111116 #27488]  INFO -- : (0.000086s) BEGIN
I, [2014-09-27T15:24:50.112034 #27488]  INFO -- : (0.000444s) SELECT * FROM `themes` WHERE `id` = '6'
I, [2014-09-27T15:24:50.112408 #27488]  INFO -- : (0.000114s) SELECT * FROM `cardsortings` WHERE `id` = '41'
I, [2014-09-27T15:24:50.113145 #27488]  INFO -- : (0.000301s) UPDATE `cardsortings` SET `theme_id` = 6, `userId` = 't2-kondo' WHERE (`id` = 41)
I, [2014-09-27T15:24:50.113377 #27488]  INFO -- : (0.000041s) DELETE FROM `cardsorting_card_and_groups` WHERE (`cardsorting_id` = 41)
I, [2014-09-27T15:24:50.113598 #27488]  INFO -- : (0.000061s) DELETE FROM `unselected_cards` WHERE (`cardsorting_id` = 41)
I, [2014-09-27T15:24:50.113939 #27488]  INFO -- : (0.000108s) SELECT * FROM `groups` WHERE ((`theme_id` = 6) AND (`title` IS NULL)) LIMIT 1
I, [2014-09-27T15:24:50.114277 #27488]  INFO -- : (0.000073s) UPDATE `groups` SET `theme_id` = 6, `title` = NULL WHERE (`id` = 31)
I, [2014-09-27T15:24:50.114505 #27488]  INFO -- : (0.000092s) SELECT * FROM `cards` WHERE `id` = 15
I, [2014-09-27T15:24:50.114835 #27488]  INFO -- : (0.000074s) UPDATE `cards` SET `theme_id` = 6, `desc` = '入力の検討が必要となる
サンプルだけで十分かどうか', `userId` = NULL WHERE (`id` = 15)
I, [2014-09-27T15:24:50.115117 #27488]  INFO -- : (0.000063s) SELECT * FROM `cardsorting_card_and_groups` WHERE ((`group_id` = 31) AND (`card_id` = 15) AND (`cardsorting_id` = 41)) LIMIT 1
I, [2014-09-27T15:24:50.115698 #27488]  INFO -- : (0.000091s) INSERT INTO `cardsorting_card_and_groups` (`group_id`, `card_id`, `cardsorting_id`) VALUES (31, 15, 41)
I, [2014-09-27T15:24:50.116139 #27488]  INFO -- : (0.000091s) SELECT * FROM `cardsorting_card_and_groups` WHERE (`id` = 125) LIMIT 1
I, [2014-09-27T15:24:50.116340 #27488]  INFO -- : (0.000071s) SELECT * FROM `cards` WHERE `id` = 17
I, [2014-09-27T15:24:50.117621 #27488]  INFO -- : (0.001028s) UPDATE `cards` SET `theme_id` = 6, `desc` = 'サンプルの段階で追加検討が必要', `userId` = NULL WHERE (`id` = 17)
I, [2014-09-27T15:24:50.117985 #27488]  INFO -- : (0.000090s) SELECT * FROM `cardsorting_card_and_groups` WHERE ((`group_id` = 31) AND (`card_id` = 17) AND (`cardsorting_id` = 41)) LIMIT 1
I, [2014-09-27T15:24:50.118373 #27488]  INFO -- : (0.000053s) INSERT INTO `cardsorting_card_and_groups` (`group_id`, `card_id`, `cardsorting_id`) VALUES (31, 17, 41)
I, [2014-09-27T15:24:50.118636 #27488]  INFO -- : (0.000071s) SELECT * FROM `cardsorting_card_and_groups` WHERE (`id` = 126) LIMIT 1
I, [2014-09-27T15:24:50.118822 #27488]  INFO -- : (0.000068s) SELECT * FROM `cards` WHERE `id` = 16
I, [2014-09-27T15:24:50.119138 #27488]  INFO -- : (0.000064s) UPDATE `cards` SET `theme_id` = 6, `desc` = '検討が不十分な可能性あり', `userId` = NULL WHERE (`id` = 16)
I, [2014-09-27T15:24:50.119458 #27488]  INFO -- : (0.000062s) SELECT * FROM `cardsorting_card_and_groups` WHERE ((`group_id` = 31) AND (`card_id` = 16) AND (`cardsorting_id` = 41)) LIMIT 1
I, [2014-09-27T15:24:50.119784 #27488]  INFO -- : (0.000052s) INSERT INTO `cardsorting_card_and_groups` (`group_id`, `card_id`, `cardsorting_id`) VALUES (31, 16, 41)
I, [2014-09-27T15:24:50.120079 #27488]  INFO -- : (0.000083s) SELECT * FROM `cardsorting_card_and_groups` WHERE (`id` = 127) LIMIT 1
I, [2014-09-27T15:24:50.128753 #27488]  INFO -- : (0.008399s) COMMIT
I, [2014-09-27T15:24:50.147597 #27488]  INFO -- : (0.000177s) SELECT * FROM `cards` WHERE (`cards`.`theme_id` = 6)
I, [2014-09-27T15:24:50.148121 #27488]  INFO -- : (0.000147s) SELECT * FROM `cardsortings` WHERE (`cardsortings`.`theme_id` = 6)
I, [2014-09-27T15:24:50.148377 #27488]  INFO -- : (0.001302s) SELECT * FROM `themes`
Waiting for 4 connection(s) to finish, can take up to 30 sec, CTRL+C to stop now
Exiting!
